<?xml version="1.0" encoding="UTF-8"?>
<!-- Generated by org.testng.reporters.JUnitReportReporter -->
<testsuite hostname="KaranevichV" name="com.organization.automation.project.spice.mix.testng.feature.abstract_tc.tests.InitializationTests_TestSet" tests="2" failures="0" timestamp="8 Aug 2013 11:54:52 GMT" time="0.003" errors="0">
  <testcase name="isLocalTAFEnvOK" time="0.000" classname="com.organization.automation.project.spice.mix.testng.feature.abstract_tc.tests.InitializationTests_TestSet"/>
  <testcase name="isQAEnvOK" time="0.003" classname="com.organization.automation.project.spice.mix.testng.feature.abstract_tc.tests.InitializationTests_TestSet"/>
</testsuite> <!-- com.organization.automation.project.spice.mix.testng.feature.abstract_tc.tests.InitializationTests_TestSet -->
