<?xml version="1.0" encoding="UTF-8"?>
<!-- Generated by org.testng.reporters.JUnitReportReporter -->
<testsuite hostname="KaranevichV" name="com.organization.automation.project.spice.mix.testng.feature.abstract_tc.tests.AcceptanceTests_Feature_AbstractTC" tests="1" failures="0" timestamp="8 Aug 2013 11:54:52 GMT" time="0.006" errors="0">
  <testcase name="isAbstractTCworks" time="0.006" classname="com.organization.automation.project.spice.mix.testng.feature.abstract_tc.tests.AcceptanceTests_Feature_AbstractTC"/>
</testsuite> <!-- com.organization.automation.project.spice.mix.testng.feature.abstract_tc.tests.AcceptanceTests_Feature_AbstractTC -->
